# JRE version: Java(TM) SE Runtime Environment (8.0_201-b09) (build 1.8.0_201-b09)
# Java VM: Java HotSpot(TM) 64-Bit Server VM (25.201-b09 mixed mode bsd-amd64 compressed oops)
Heap:
 PSYoungGen      total 80384K, used 58225K [0x000000076ab00000, 0x0000000770f00000, 0x00000007c0000000)
  eden space 61440K, 89% used [0x000000076ab00000,0x000000076e0dc4f8,0x000000076e700000)
  from space 18944K, 16% used [0x000000076e800000,0x000000076eb000b0,0x000000076fa80000)
  to   space 20480K, 0% used [0x000000076fb00000,0x000000076fb00000,0x0000000770f00000)
 ParOldGen       total 175104K, used 22680K [0x00000006c0000000, 0x00000006cab00000, 0x000000076ab00000)
  object space 175104K, 12% used [0x00000006c0000000,0x00000006c16262b0,0x00000006cab00000)
 Metaspace       used 19263K, capacity 19615K, committed 19968K, reserved 1067008K
  class space    used 1917K, capacity 2024K, committed 2048K, reserved 1048576K
GC Heap History (10 events):
Event: 10.855 GC heap before
{Heap before GC invocations=3 (full 0):
 PSYoungGen      total 76288K, used 76275K [0x000000076ab00000, 0x0000000770000000, 0x00000007c0000000)
  eden space 65536K, 100% used [0x000000076ab00000,0x000000076eb00000,0x000000076eb00000)
  from space 10752K, 99% used [0x000000076f580000,0x000000076fffce20,0x0000000770000000)
  to   space 10752K, 0% used [0x000000076eb00000,0x000000076eb00000,0x000000076f580000)
 ParOldGen       total 175104K, used 10172K [0x00000006c0000000, 0x00000006cab00000, 0x000000076ab00000)
  object space 175104K, 5% used [0x00000006c0000000,0x00000006c09ef380,0x00000006cab00000)
 Metaspace       used 19147K, capacity 19451K, committed 19712K, reserved 1067008K
  class space    used 1906K, capacity 1990K, committed 2048K, reserved 1048576K
Event: 10.861 GC heap after
Heap after GC invocations=3 (full 0):
 PSYoungGen      total 76288K, used 10739K [0x000000076ab00000, 0x0000000770000000, 0x00000007c0000000)
  eden space 65536K, 0% used [0x000000076ab00000,0x000000076ab00000,0x000000076eb00000)
  from space 10752K, 99% used [0x000000076eb00000,0x000000076f57cdb0,0x000000076f580000)
  to   space 10752K, 0% used [0x000000076f580000,0x000000076f580000,0x0000000770000000)
 ParOldGen       total 175104K, used 14729K [0x00000006c0000000, 0x00000006cab00000, 0x000000076ab00000)
  object space 175104K, 8% used [0x00000006c0000000,0x00000006c0e62548,0x00000006cab00000)
 Metaspace       used 19147K, capacity 19451K, committed 19712K, reserved 1067008K
  class space    used 1906K, capacity 1990K, committed 2048K, reserved 1048576K
}
Event: 20.601 GC heap before
{Heap before GC invocations=4 (full 0):
 PSYoungGen      total 76288K, used 76275K [0x000000076ab00000, 0x0000000770000000, 0x00000007c0000000)
  eden space 65536K, 100% used [0x000000076ab00000,0x000000076eb00000,0x000000076eb00000)
  from space 10752K, 99% used [0x000000076eb00000,0x000000076f57cdb0,0x000000076f580000)
  to   space 10752K, 0% used [0x000000076f580000,0x000000076f580000,0x0000000770000000)
 ParOldGen       total 175104K, used 14729K [0x00000006c0000000, 0x00000006cab00000, 0x000000076ab00000)
  object space 175104K, 8% used [0x00000006c0000000,0x00000006c0e62548,0x00000006cab00000)
 Metaspace       used 19203K, capacity 19515K, committed 19712K, reserved 1067008K
  class space    used 1906K, capacity 1990K, committed 2048K, reserved 1048576K
Event: 20.606 GC heap after
Heap after GC invocations=4 (full 0):
 PSYoungGen      total 76288K, used 10739K [0x000000076ab00000, 0x0000000770000000, 0x00000007c0000000)
  eden space 65536K, 0% used [0x000000076ab00000,0x000000076ab00000,0x000000076eb00000)
  from space 10752K, 99% used [0x000000076f580000,0x000000076fffcdb0,0x0000000770000000)
  to   space 10752K, 0% used [0x000000076eb00000,0x000000076eb00000,0x000000076f580000)
 ParOldGen       total 175104K, used 14793K [0x00000006c0000000, 0x00000006cab00000, 0x000000076ab00000)
  object space 175104K, 8% used [0x00000006c0000000,0x00000006c0e72548,0x00000006cab00000)
 Metaspace       used 19203K, capacity 19515K, committed 19712K, reserved 1067008K
  class space    used 1906K, capacity 1990K, committed 2048K, reserved 1048576K
}
Event: 30.600 GC heap before
{Heap before GC invocations=5 (full 0):
 PSYoungGen      total 76288K, used 76275K [0x000000076ab00000, 0x0000000770000000, 0x00000007c0000000)
  eden space 65536K, 100% used [0x000000076ab00000,0x000000076eb00000,0x000000076eb00000)
  from space 10752K, 99% used [0x000000076f580000,0x000000076fffcdb0,0x0000000770000000)
  to   space 10752K, 0% used [0x000000076eb00000,0x000000076eb00000,0x000000076f580000)
 ParOldGen       total 175104K, used 14793K [0x00000006c0000000, 0x00000006cab00000, 0x000000076ab00000)
  object space 175104K, 8% used [0x00000006c0000000,0x00000006c0e72548,0x00000006cab00000)
 Metaspace       used 19205K, capacity 19515K, committed 19712K, reserved 1067008K
  class space    used 1906K, capacity 1990K, committed 2048K, reserved 1048576K
Event: 30.606 GC heap after
Heap after GC invocations=5 (full 0):
 PSYoungGen      total 74752K, used 10531K [0x000000076ab00000, 0x0000000770f80000, 0x00000007c0000000)
  eden space 64000K, 0% used [0x000000076ab00000,0x000000076ab00000,0x000000076e980000)
  from space 10752K, 97% used [0x000000076eb00000,0x000000076f548db0,0x000000076f580000)
  to   space 19456K, 0% used [0x000000076fc80000,0x000000076fc80000,0x0000000770f80000)
 ParOldGen       total 175104K, used 15049K [0x00000006c0000000, 0x00000006cab00000, 0x000000076ab00000)
  object space 175104K, 8% used [0x00000006c0000000,0x00000006c0eb2558,0x00000006cab00000)
 Metaspace       used 19205K, capacity 19515K, committed 19712K, reserved 1067008K
  class space    used 1906K, capacity 1990K, committed 2048K, reserved 1048576K
}
Event: 40.417 GC heap before
{Heap before GC invocations=6 (full 0):
 PSYoungGen      total 74752K, used 74531K [0x000000076ab00000, 0x0000000770f80000, 0x00000007c0000000)
  eden space 64000K, 100% used [0x000000076ab00000,0x000000076e980000,0x000000076e980000)
  from space 10752K, 97% used [0x000000076eb00000,0x000000076f548db0,0x000000076f580000)
  to   space 19456K, 0% used [0x000000076fc80000,0x000000076fc80000,0x0000000770f80000)
 ParOldGen       total 175104K, used 15049K [0x00000006c0000000, 0x00000006cab00000, 0x000000076ab00000)
  object space 175104K, 8% used [0x00000006c0000000,0x00000006c0eb2558,0x00000006cab00000)
 Metaspace       used 19205K, capacity 19515K, committed 19712K, reserved 1067008K
  class space    used 1906K, capacity 1990K, committed 2048K, reserved 1048576K
Event: 40.424 GC heap after
Heap after GC invocations=6 (full 0):
 PSYoungGen      total 79360K, used 10579K [0x000000076ab00000, 0x0000000770d00000, 0x00000007c0000000)
  eden space 62464K, 0% used [0x000000076ab00000,0x000000076ab00000,0x000000076e800000)
  from space 16896K, 62% used [0x000000076fc80000,0x00000007706d4da0,0x0000000770d00000)
  to   space 18944K, 0% used [0x000000076e800000,0x000000076e800000,0x000000076fa80000)
 ParOldGen       total 175104K, used 15057K [0x00000006c0000000, 0x00000006cab00000, 0x000000076ab00000)
  object space 175104K, 8% used [0x00000006c0000000,0x00000006c0eb4558,0x00000006cab00000)
 Metaspace       used 19205K, capacity 19515K, committed 19712K, reserved 1067008K
  class space    used 1906K, capacity 1990K, committed 2048K, reserved 1048576K
}
Event: 50.034 GC heap before
{Heap before GC invocations=7 (full 0):
 PSYoungGen      total 79360K, used 73043K [0x000000076ab00000, 0x0000000770d00000, 0x00000007c0000000)
  eden space 62464K, 100% used [0x000000076ab00000,0x000000076e800000,0x000000076e800000)
  from space 16896K, 62% used [0x000000076fc80000,0x00000007706d4da0,0x0000000770d00000)
  to   space 18944K, 0% used [0x000000076e800000,0x000000076e800000,0x000000076fa80000)
 ParOldGen       total 175104K, used 15057K [0x00000006c0000000, 0x00000006cab00000, 0x000000076ab00000)
  object space 175104K, 8% used [0x00000006c0000000,0x00000006c0eb4558,0x00000006cab00000)
 Metaspace       used 19205K, capacity 19515K, committed 19712K, reserved 1067008K
  class space    used 1906K, capacity 1990K, committed 2048K, reserved 1048576K
Event: 50.042 GC heap after
Heap after GC invocations=7 (full 0):
 PSYoungGen      total 80384K, used 3072K [0x000000076ab00000, 0x0000000770f00000, 0x00000007c0000000)
  eden space 61440K, 0% used [0x000000076ab00000,0x000000076ab00000,0x000000076e700000)
  from space 18944K, 16% used [0x000000076e800000,0x000000076eb000b0,0x000000076fa80000)
  to   space 20480K, 0% used [0x000000076fb00000,0x000000076fb00000,0x0000000770f00000)
 ParOldGen       total 175104K, used 22680K [0x00000006c0000000, 0x00000006cab00000, 0x000000076ab00000)
  object space 175104K, 12% used [0x00000006c0000000,0x00000006c16262b0,0x00000006cab00000)
 Metaspace       used 19205K, capacity 19515K, committed 19712K, reserved 1067008K
  class space    used 1906K, capacity 1990K, committed 2048K, reserved 1048576K
}

